<?xml version="1.0" encoding="UTF-8"?>
<testng-results skipped="0" failed="0" total="1" passed="1">
  <reporter-output>
  </reporter-output>
  <suite name="Default suite" duration-ms="24400" started-at="2021-12-16T15:08:32Z" finished-at="2021-12-16T15:08:57Z">
    <groups>
    </groups>
    <test name="Default test" duration-ms="24400" started-at="2021-12-16T15:08:32Z" finished-at="2021-12-16T15:08:57Z">
      <class name="com.selenium.functionalTest.AssociateStaticFeeTestCase">
        <test-method status="PASS" signature="beforeMethod()[pri:0, instance:com.selenium.functionalTest.AssociateStaticFeeTestCase@3159c4b8]" name="beforeMethod" is-config="true" duration-ms="11196" started-at="2021-12-16T20:38:32Z" finished-at="2021-12-16T20:38:44Z">
          <reporter-output>
          </reporter-output>
        </test-method> <!-- beforeMethod -->
        <test-method status="PASS" signature="addClasses()[pri:0, instance:com.selenium.functionalTest.AssociateStaticFeeTestCase@3159c4b8]" name="addClasses" duration-ms="10907" started-at="2021-12-16T20:38:44Z" finished-at="2021-12-16T20:38:54Z">
          <reporter-output>
          </reporter-output>
        </test-method> <!-- addClasses -->
        <test-method status="PASS" signature="tearDown()[pri:0, instance:com.selenium.functionalTest.AssociateStaticFeeTestCase@3159c4b8]" name="tearDown" is-config="true" duration-ms="2279" started-at="2021-12-16T20:38:54Z" finished-at="2021-12-16T20:38:57Z">
          <reporter-output>
          </reporter-output>
        </test-method> <!-- tearDown -->
      </class> <!-- com.selenium.functionalTest.AssociateStaticFeeTestCase -->
    </test> <!-- Default test -->
  </suite> <!-- Default suite -->
</testng-results>
